<?xml version="1.0" encoding="utf-8"?><testsuites name="pytest tests"><testsuite name="pytest" errors="0" failures="0" skipped="0" tests="11" time="2.791" timestamp="2026-04-20T19:12:05.289272+00:00" hostname="agent-env-15b54ecb-7c4d-4e40-932c-37af86d0770c"><testcase classname="backend.tests.test_documents_api" name="test_upload_returns_document_record" time="0.488" /><testcase classname="backend.tests.test_documents_api" name="test_list_documents_includes_uploaded" time="0.140" /><testcase classname="backend.tests.test_documents_api" name="test_download_document_returns_bytes" time="0.282" /><testcase classname="backend.tests.test_documents_api" name="test_upload_disallowed_extension" time="0.109" /><testcase classname="backend.tests.test_documents_api" name="test_upload_disallowed_zip" time="0.204" /><testcase classname="backend.tests.test_documents_api" name="test_upload_png_works" time="0.507" /><testcase classname="backend.tests.test_documents_api" name="test_delete_soft_removes" time="0.478" /><testcase classname="backend.tests.test_documents_api" name="test_unauthenticated_upload_rejected" time="0.153" /><testcase classname="backend.tests.test_documents_api" name="test_smoke_auth_me" time="0.125" /><testcase classname="backend.tests.test_documents_api" name="test_smoke_orgs_list" time="0.120" /><testcase classname="backend.tests.test_documents_api" name="test_smoke_dashboard" time="0.149" /></testsuite></testsuites>