<?xml version="1.0" encoding="utf-8"?><testsuites><testsuite name="pytest" errors="0" failures="0" skipped="0" tests="13" time="7.121" timestamp="2026-06-08T18:39:38.510843+00:00" hostname="agent-env-15b54ecb-7c4d-4e40-932c-37af86d0770c"><testcase classname="tests.test_iter26_sanctions_gate" name="test_passwordless_login_returns_dev_otp_in_dev_mode" time="0.736" /><testcase classname="tests.test_iter26_sanctions_gate" name="test_onboarding_apply_returns_magic_link_in_dev_mode" time="0.125" /><testcase classname="tests.test_iter26_sanctions_gate" name="test_server_drops_dev_otp_when_resend_is_set" time="0.000" /><testcase classname="tests.test_iter26_sanctions_gate" name="test_onboarding_nullifies_magic_link_when_resend_is_set" time="0.000" /><testcase classname="tests.test_iter26_sanctions_gate" name="test_apply_seeds_sanctions_status_pending" time="0.123" /><testcase classname="tests.test_iter26_sanctions_gate" name="test_sanctions_enqueue_after_andes_webhook_keeps_org_pending" time="0.775" /><testcase classname="tests.test_iter26_sanctions_gate" name="test_admin_queue_returns_pending_items_with_organization_join" time="0.900" /><testcase classname="tests.test_iter26_sanctions_gate" name="test_sanctions_decision_clear_activates_when_andes_ok" time="1.168" /><testcase classname="tests.test_iter26_sanctions_gate" name="test_sanctions_decision_flagged_blocks_org_and_pauses_users" time="0.849" /><testcase classname="tests.test_iter26_sanctions_gate" name="test_sanctions_decision_idempotent_second_call_409" time="0.958" /><testcase classname="tests.test_iter26_sanctions_gate" name="test_me_exposes_sanctions_locked_for_pending_then_clear" time="0.911" /><testcase classname="tests.test_iter26_sanctions_gate" name="test_client_me_can_operate_requires_sanctions_clear" time="0.175" /><testcase classname="tests.test_iter26_sanctions_gate" name="test_unknown_email_still_blocked_403" time="0.244" /></testsuite></testsuites>