<?xml version="1.0" encoding="utf-8"?><testsuites><testsuite name="pytest" errors="0" failures="0" skipped="0" tests="32" time="6.666" timestamp="2026-05-12T22:53:12.132672+00:00" hostname="agent-env-15b54ecb-7c4d-4e40-932c-37af86d0770c"><testcase classname="backend.tests.test_phase2_dashboard" name="test_admin_login_sets_cookie" time="0.756" /><testcase classname="backend.tests.test_phase2_dashboard" name="test_dashboard_requires_auth[/admin/dashboard/kpis]" time="0.172" /><testcase classname="backend.tests.test_phase2_dashboard" name="test_dashboard_requires_auth[/admin/dashboard/nav-history]" time="0.179" /><testcase classname="backend.tests.test_phase2_dashboard" name="test_dashboard_requires_auth[/admin/dashboard/volume]" time="0.128" /><testcase classname="backend.tests.test_phase2_dashboard" name="test_dashboard_requires_auth[/admin/dashboard/revenue]" time="0.180" /><testcase classname="backend.tests.test_phase2_dashboard" name="test_dashboard_requires_auth[/admin/dashboard/top-clients]" time="0.138" /><testcase classname="backend.tests.test_phase2_dashboard" name="test_dashboard_requires_auth[/admin/dashboard/ops-queue]" time="0.139" /><testcase classname="backend.tests.test_phase2_dashboard" name="test_dashboard_forbids_client_role[/admin/dashboard/kpis]" time="0.702" /><testcase classname="backend.tests.test_phase2_dashboard" name="test_dashboard_forbids_client_role[/admin/dashboard/nav-history]" time="0.072" /><testcase classname="backend.tests.test_phase2_dashboard" name="test_dashboard_forbids_client_role[/admin/dashboard/volume]" time="0.068" /><testcase classname="backend.tests.test_phase2_dashboard" name="test_dashboard_forbids_client_role[/admin/dashboard/revenue]" time="0.065" /><testcase classname="backend.tests.test_phase2_dashboard" name="test_dashboard_forbids_client_role[/admin/dashboard/top-clients]" time="0.066" /><testcase classname="backend.tests.test_phase2_dashboard" name="test_dashboard_forbids_client_role[/admin/dashboard/ops-queue]" time="0.067" /><testcase classname="backend.tests.test_phase2_dashboard" name="test_kpis_returns_real_numbers" time="0.065" /><testcase classname="backend.tests.test_phase2_dashboard" name="test_nav_history[7]" time="0.062" /><testcase classname="backend.tests.test_phase2_dashboard" name="test_nav_history[30]" time="0.064" /><testcase classname="backend.tests.test_phase2_dashboard" name="test_nav_history[90]" time="0.060" /><testcase classname="backend.tests.test_phase2_dashboard" name="test_volume[7]" time="0.061" /><testcase classname="backend.tests.test_phase2_dashboard" name="test_volume[30]" time="0.068" /><testcase classname="backend.tests.test_phase2_dashboard" name="test_volume[90]" time="0.067" /><testcase classname="backend.tests.test_phase2_dashboard" name="test_revenue_12mo" time="0.069" /><testcase classname="backend.tests.test_phase2_dashboard" name="test_top_clients_contains_seed_orgs" time="0.065" /><testcase classname="backend.tests.test_phase2_dashboard" name="test_ops_queue_shape" time="0.066" /><testcase classname="backend.tests.test_sprint_a" name="test_recent_activity_requires_auth" time="0.160" /><testcase classname="backend.tests.test_sprint_a" name="test_recent_activity_forbids_client_role" time="0.685" /><testcase classname="backend.tests.test_sprint_a" name="test_recent_activity_returns_items" time="0.658" /><testcase classname="backend.tests.test_sprint_a" name="test_recent_activity_limit_respected" time="0.061" /><testcase classname="backend.tests.test_sprint_a" name="test_nav_history_has_real_variation" time="0.060" /><testcase classname="backend.tests.test_sprint_a" name="test_nav_snapshots_idempotent_count" time="0.748" /><testcase classname="backend.tests.test_sprint_a" name="test_ws_ops_queue_admin_receives_snapshot" time="0.421" /><testcase classname="backend.tests.test_sprint_a" name="test_ws_ops_queue_no_cookie_rejected" time="0.002" /><testcase classname="backend.tests.test_sprint_a" name="test_ws_ops_queue_client_role_rejected" time="0.413" /></testsuite></testsuites>