<?xml version="1.0" encoding="utf-8"?><testsuites><testsuite name="pytest" errors="0" failures="0" skipped="0" tests="6" time="1.066" timestamp="2026-06-08T18:01:51.271416+00:00" hostname="agent-env-15b54ecb-7c4d-4e40-932c-37af86d0770c"><testcase classname="tests.test_iter25_auth_self_service" name="test_passwordless_login_unknown_email_still_returns_dev_otp" time="0.241" /><testcase classname="tests.test_iter25_auth_self_service" name="test_passwordless_token_unknown_email_returns_403" time="0.246" /><testcase classname="tests.test_iter25_auth_self_service" name="test_dev_login_unknown_email_returns_403" time="0.137" /><testcase classname="tests.test_iter25_auth_self_service" name="test_dev_login_seeded_client_still_works" time="0.116" /><testcase classname="tests.test_iter25_auth_self_service" name="test_dev_login_seeded_admin_still_works" time="0.121" /><testcase classname="tests.test_iter25_auth_self_service" name="test_onboarding_apply_individual_returns_andes_direct_mode" time="0.138" /></testsuite></testsuites>