<?xml version="1.0" encoding="utf-8"?><testsuites><testsuite name="pytest" errors="0" failures="0" skipped="0" tests="9" time="1.182" timestamp="2026-06-09T15:51:49.679283+00:00" hostname="agent-env-15b54ecb-7c4d-4e40-932c-37af86d0770c"><testcase classname="tests.test_p12_multi_asset_dashboard.TestDashboardSummaryShape" name="test_status_and_top_keys" time="0.427" /><testcase classname="tests.test_p12_multi_asset_dashboard.TestDashboardSummaryShape" name="test_aum_buckets" time="0.060" /><testcase classname="tests.test_p12_multi_asset_dashboard.TestDashboardSummaryShape" name="test_cash_buckets" time="0.051" /><testcase classname="tests.test_p12_multi_asset_dashboard.TestDashboardSummaryShape" name="test_breakdown_is_list" time="0.052" /><testcase classname="tests.test_p12_multi_asset_dashboard.TestAlemanyExpectedValues" name="test_usdc_has_positions" time="0.058" /><testcase classname="tests.test_p12_multi_asset_dashboard.TestAlemanyExpectedValues" name="test_arsa_zero_positions" time="0.056" /><testcase classname="tests.test_p12_multi_asset_dashboard.TestAlemanyExpectedValues" name="test_cash_arsa_ramp_balance" time="0.057" /><testcase classname="tests.test_p12_multi_asset_dashboard.TestAlemanyExpectedValues" name="test_breakdown_excludes_externals" time="0.055" /><testcase classname="tests.test_p12_multi_asset_dashboard.TestSuperAdminNoCrash" name="test_super_admin_does_not_crash" time="0.251" /></testsuite></testsuites>