<?xml version="1.0" encoding="utf-8"?><testsuites><testsuite name="pytest" errors="0" failures="0" skipped="1" tests="9" time="2.967" timestamp="2026-06-08T19:52:19.765646+00:00" hostname="agent-env-15b54ecb-7c4d-4e40-932c-37af86d0770c"><testcase classname="tests.test_iter27_activation_helper" name="test_webhook_does_not_bypass_sanctions_gate" time="0.928" /><testcase classname="tests.test_iter27_activation_helper" name="test_sanctions_clear_triggers_full_activation" time="0.905" /><testcase classname="tests.test_iter27_activation_helper" name="test_upload_endpoint_does_not_bypass_gate" time="0.000" /><testcase classname="tests.test_iter27_activation_helper" name="test_kyc_queue_unifies_kyc_cases_and_applications" time="0.243" /><testcase classname="tests.test_iter27_activation_helper" name="test_kyc_detail_for_matias_application" time="0.185" /><testcase classname="tests.test_iter27_activation_helper" name="test_matias_backfill_state" time="0.001" /><testcase classname="tests.test_iter27_activation_helper" name="test_decision_on_real_application_mirrors_state" time="0.133"><skipped type="pytest.skip" message="no fresh individual app available to decide on">/app/backend/tests/test_iter27_activation_helper.py:256: no fresh individual app available to decide on</skipped></testcase><testcase classname="tests.test_iter27_activation_helper" name="test_seed_kyc_case_still_accessible" time="0.209" /><testcase classname="tests.test_iter27_activation_helper" name="test_sanctions_queue_still_includes_matias" time="0.206" /></testsuite></testsuites>