<?xml version="1.0" encoding="utf-8"?><testsuites><testsuite name="pytest" errors="0" failures="0" skipped="0" tests="7" time="2.489" timestamp="2026-06-09T15:09:06.215600+00:00" hostname="agent-env-15b54ecb-7c4d-4e40-932c-37af86d0770c"><testcase classname="tests.test_p13_cms_admin" name="test_treasury_admin_ok" time="0.608" /><testcase classname="tests.test_p13_cms_admin" name="test_treasury_client_forbidden" time="0.215" /><testcase classname="tests.test_p13_cms_admin" name="test_sync_status" time="0.055" /><testcase classname="tests.test_p13_cms_admin" name="test_sync_run_then_status" time="1.332" /><testcase classname="tests.test_p13_cms_admin" name="test_stakings_all" time="0.053" /><testcase classname="tests.test_p13_cms_admin" name="test_stakings_external_arsa_filter" time="0.052" /><testcase classname="tests.test_p13_cms_admin" name="test_investments_intent_410" time="0.050" /></testsuite></testsuites>