<?xml version="1.0" encoding="utf-8"?><testsuites><testsuite name="pytest" errors="0" failures="0" skipped="0" tests="11" time="0.836" timestamp="2026-05-14T02:41:18.930543+00:00" hostname="agent-env-15b54ecb-7c4d-4e40-932c-37af86d0770c"><testcase classname="backend.tests.test_phase11b_profile" name="test_get_profile_shape" time="0.010" /><testcase classname="backend.tests.test_phase11b_profile" name="test_patch_profile_updates_basics" time="0.012" /><testcase classname="backend.tests.test_phase11b_profile" name="test_patch_profile_rejects_bad_timezone" time="0.007" /><testcase classname="backend.tests.test_phase11b_profile" name="test_avatar_upload_and_delete" time="0.014" /><testcase classname="backend.tests.test_phase11b_profile" name="test_avatar_rejects_oversize" time="0.009" /><testcase classname="backend.tests.test_phase11b_profile" name="test_mfa_setup_verify_disable_full_cycle" time="0.642" /><testcase classname="backend.tests.test_phase11b_profile" name="test_mfa_verify_bad_code_rejected" time="0.021" /><testcase classname="backend.tests.test_phase11b_profile" name="test_sessions_listed_and_revoke_self" time="0.011" /><testcase classname="backend.tests.test_phase11b_profile" name="test_revoke_others_keeps_current" time="0.013" /><testcase classname="backend.tests.test_phase11b_profile" name="test_notifications_patch_persists" time="0.009" /><testcase classname="backend.tests.test_phase11b_profile" name="test_deletion_request_and_cancel" time="0.016" /></testsuite></testsuites>