<?xml version="1.0" encoding="utf-8"?><testsuites><testsuite name="pytest" errors="0" failures="0" skipped="2" tests="26" time="2.277" timestamp="2026-05-13T00:48:15.734526+00:00" hostname="agent-env-15b54ecb-7c4d-4e40-932c-37af86d0770c"><testcase classname="backend.tests.test_phase4_business" name="test_super_admin_can_access[/api/v1/admin/business/clients]" time="0.365" /><testcase classname="backend.tests.test_phase4_business" name="test_super_admin_can_access[/api/v1/admin/business/revenue/summary]" time="0.065" /><testcase classname="backend.tests.test_phase4_business" name="test_super_admin_can_access[/api/v1/admin/business/revenue/breakdown]" time="0.070" /><testcase classname="backend.tests.test_phase4_business" name="test_super_admin_can_access[/api/v1/admin/business/revenue/breakdown?period=mtd]" time="0.065" /><testcase classname="backend.tests.test_phase4_business" name="test_super_admin_can_access[/api/v1/admin/business/revenue/breakdown?period=ytd]" time="0.060" /><testcase classname="backend.tests.test_phase4_business" name="test_super_admin_can_access[/api/v1/admin/business/revenue/by-month?months=12]" time="0.062" /><testcase classname="backend.tests.test_phase4_business" name="test_super_admin_can_access[/api/v1/admin/business/revenue/by-client?limit=10]" time="0.075" /><testcase classname="backend.tests.test_phase4_business" name="test_super_admin_can_access[/api/v1/admin/business/yield/by-client]" time="0.073" /><testcase classname="backend.tests.test_phase4_business" name="test_super_admin_can_access[/api/v1/admin/business/cohorts?months=12]" time="0.067" /><testcase classname="backend.tests.test_phase4_business" name="test_clients_export_csv" time="0.070" /><testcase classname="backend.tests.test_phase4_business" name="test_client_admin_forbidden[/api/v1/admin/business/clients]" time="0.205" /><testcase classname="backend.tests.test_phase4_business" name="test_client_admin_forbidden[/api/v1/admin/business/revenue/summary]" time="0.059" /><testcase classname="backend.tests.test_phase4_business" name="test_client_admin_forbidden[/api/v1/admin/business/revenue/breakdown]" time="0.062" /><testcase classname="backend.tests.test_phase4_business" name="test_client_admin_forbidden[/api/v1/admin/business/revenue/breakdown?period=mtd]" time="0.064" /><testcase classname="backend.tests.test_phase4_business" name="test_client_admin_forbidden[/api/v1/admin/business/revenue/breakdown?period=ytd]" time="0.062" /><testcase classname="backend.tests.test_phase4_business" name="test_client_admin_forbidden[/api/v1/admin/business/revenue/by-month?months=12]" time="0.081" /><testcase classname="backend.tests.test_phase4_business" name="test_client_admin_forbidden[/api/v1/admin/business/revenue/by-client?limit=10]" time="0.068" /><testcase classname="backend.tests.test_phase4_business" name="test_client_admin_forbidden[/api/v1/admin/business/yield/by-client]" time="0.073" /><testcase classname="backend.tests.test_phase4_business" name="test_client_admin_forbidden[/api/v1/admin/business/cohorts?months=12]" time="0.062" /><testcase classname="backend.tests.test_phase4_business" name="test_cohorts_structure" time="0.085" /><testcase classname="backend.tests.test_phase4_business" name="test_cohorts_months_clamp_low" time="0.070" /><testcase classname="backend.tests.test_phase4_business" name="test_cohorts_months_clamp_high" time="0.068" /><testcase classname="backend.tests.test_phase4_business" name="test_yield_by_client_has_implicit_fields" time="0.072" /><testcase classname="backend.tests.test_phase4_business" name="test_regression_endpoints[/api/v1/admin/dashboard/kpis]" time="0.069" /><testcase classname="backend.tests.test_phase4_business" name="test_regression_endpoints[/api/v1/admin/operations/transactions]" time="0.062"><skipped type="pytest.skip" message="/api/v1/admin/operations/transactions returned 404 (route name may differ)">/app/backend/tests/test_phase4_business.py:173: /api/v1/admin/operations/transactions returned 404 (route name may differ)</skipped></testcase><testcase classname="backend.tests.test_phase4_business" name="test_regression_endpoints[/api/v1/admin/compliance/policies]" time="0.062"><skipped type="pytest.skip" message="/api/v1/admin/compliance/policies returned 404 (route name may differ)">/app/backend/tests/test_phase4_business.py:173: /api/v1/admin/compliance/policies returned 404 (route name may differ)</skipped></testcase></testsuite></testsuites>