<?xml version="1.0" encoding="utf-8"?><testsuites><testsuite name="pytest" errors="0" failures="0" skipped="0" tests="10" time="4.312" timestamp="2026-06-02T14:44:34.206681+00:00" hostname="agent-env-15b54ecb-7c4d-4e40-932c-37af86d0770c"><testcase classname="tests.test_phase15_andes_ramp_offramp" name="test_gateway_webhook_rejects_bad_signature" time="0.002" /><testcase classname="tests.test_phase15_andes_ramp_offramp" name="test_gateway_webhook_rejects_old_timestamp" time="0.002" /><testcase classname="tests.test_phase15_andes_ramp_offramp" name="test_receiver_requires_internal_token" time="0.259" /><testcase classname="tests.test_phase15_andes_ramp_offramp" name="test_receiver_idempotent_on_delivery_id" time="1.224" /><testcase classname="tests.test_phase15_andes_ramp_offramp" name="test_simulate_deposit_creates_movement" time="1.321" /><testcase classname="tests.test_phase15_andes_ramp_offramp" name="test_cvu_lookup_returns_holder" time="0.079" /><testcase classname="tests.test_phase15_andes_ramp_offramp" name="test_withdraw_requires_idempotency_key" time="0.047" /><testcase classname="tests.test_phase15_andes_ramp_offramp" name="test_withdraw_happy_path_and_autosettle" time="1.194" /><testcase classname="tests.test_phase15_andes_ramp_offramp" name="test_withdraw_insufficient_balance" time="0.052" /><testcase classname="tests.test_phase15_andes_ramp_offramp" name="test_movements_list_desc_with_arsa_labels" time="0.053" /></testsuite></testsuites>