<?xml version="1.0" encoding="utf-8"?><testsuites><testsuite name="pytest" errors="0" failures="0" skipped="0" tests="11" time="3.103" timestamp="2026-06-02T17:19:38.773193+00:00" hostname="agent-env-15b54ecb-7c4d-4e40-932c-37af86d0770c"><testcase classname="tests.test_phase17_arsa_chain.TestGlobalArsaChain" name="test_get_global_returns_default_allowed_source" time="0.387" /><testcase classname="tests.test_phase17_arsa_chain.TestGlobalArsaChain" name="test_put_sets_global_default_base" time="0.127" /><testcase classname="tests.test_phase17_arsa_chain.TestGlobalArsaChain" name="test_put_global_invalid_chain_400" time="0.061" /><testcase classname="tests.test_phase17_arsa_chain.TestGlobalArsaChain" name="test_put_global_forbidden_for_ops_role" time="0.373" /><testcase classname="tests.test_phase17_arsa_chain.TestAccountArsaChain" name="test_get_account_returns_effective_chain_and_source" time="0.063" /><testcase classname="tests.test_phase17_arsa_chain.TestAccountArsaChain" name="test_put_account_override_then_clear" time="0.203" /><testcase classname="tests.test_phase17_arsa_chain.TestAccountArsaChain" name="test_put_account_unknown_ecid_404" time="0.066" /><testcase classname="tests.test_phase17_arsa_chain.TestChainResolverInRampRoutes" name="test_new_wallet_uses_resolved_base_chain" time="0.392" /><testcase classname="tests.test_phase17_arsa_chain.TestPhase14To16Smoke" name="test_provider_config_list" time="0.057" /><testcase classname="tests.test_phase17_arsa_chain.TestPhase14To16Smoke" name="test_admin_accounts_list" time="0.057" /><testcase classname="tests.test_phase17_arsa_chain.TestPhase14To16Smoke" name="test_ramp_accounts_alemany_balances" time="1.160" /></testsuite></testsuites>