<?xml version="1.0" encoding="utf-8"?><testsuites><testsuite name="pytest" errors="0" failures="0" skipped="0" tests="6" time="0.981" timestamp="2026-05-14T02:19:06.816345+00:00" hostname="agent-env-15b54ecb-7c4d-4e40-932c-37af86d0770c"><testcase classname="backend.tests.test_phase11a_extras" name="test_list_api_keys_never_leaks_hash_or_objectid" time="0.072" /><testcase classname="backend.tests.test_phase11a_extras" name="test_webhook_patch_pause_activate_and_update_events" time="0.024" /><testcase classname="backend.tests.test_phase11a_extras" name="test_list_webhooks_has_available_events" time="0.005" /><testcase classname="backend.tests.test_phase11a_extras" name="test_webhook_deliveries_scoped_to_webhook" time="0.788" /><testcase classname="backend.tests.test_phase11a_extras" name="test_feature_interest_listing_includes_registered" time="0.009" /><testcase classname="backend.tests.test_phase11a_extras" name="test_non_admin_role_blocked_on_mutations" time="0.006" /></testsuite></testsuites>