<?xml version="1.0" encoding="utf-8"?><testsuites><testsuite name="pytest" errors="0" failures="0" skipped="1" tests="7" time="4.089" timestamp="2026-05-14T00:39:26.521712+00:00" hostname="agent-env-15b54ecb-7c4d-4e40-932c-37af86d0770c"><testcase classname="tests.test_phase9_invest_extras" name="test_balances_endpoint_returns_mock_shape" time="0.203" /><testcase classname="tests.test_phase9_invest_extras" name="test_products_have_min_max_apr_and_term" time="0.187" /><testcase classname="tests.test_phase9_invest_extras" name="test_auto_buy_skipped_when_below_liquid_min" time="0.504" /><testcase classname="tests.test_phase9_invest_extras" name="test_position_detail_returns_events_with_subscribe" time="0.496" /><testcase classname="tests.test_phase9_invest_extras" name="test_redeem_non_matured_term_returns_400" time="1.901"><skipped type="pytest.skip" message="balance still insufficient for term_30 (bal=0.0) — accumulated subscribes from prior runs exceed onramps+redeems">/app/backend/tests/test_phase9_invest_extras.py:136: balance still insufficient for term_30 (bal=0.0) — accumulated subscribes from prior runs exceed onramps+redeems</skipped></testcase><testcase classname="tests.test_phase9_invest_extras" name="test_finpact_kyb_pending_cannot_buy" time="0.223" /><testcase classname="tests.test_phase9_invest_extras" name="test_accrual_is_idempotent_per_day" time="0.499" /></testsuite></testsuites>