<?xml version="1.0" encoding="utf-8"?><testsuites><testsuite name="pytest" errors="0" failures="0" skipped="0" tests="23" time="3.501" timestamp="2026-05-12T22:47:09.069673+00:00" hostname="agent-env-15b54ecb-7c4d-4e40-932c-37af86d0770c"><testcase classname="backend.tests.test_phase2_dashboard" name="test_admin_login_sets_cookie" time="0.732" /><testcase classname="backend.tests.test_phase2_dashboard" name="test_dashboard_requires_auth[/admin/dashboard/kpis]" time="0.179" /><testcase classname="backend.tests.test_phase2_dashboard" name="test_dashboard_requires_auth[/admin/dashboard/nav-history]" time="0.146" /><testcase classname="backend.tests.test_phase2_dashboard" name="test_dashboard_requires_auth[/admin/dashboard/volume]" time="0.132" /><testcase classname="backend.tests.test_phase2_dashboard" name="test_dashboard_requires_auth[/admin/dashboard/revenue]" time="0.128" /><testcase classname="backend.tests.test_phase2_dashboard" name="test_dashboard_requires_auth[/admin/dashboard/top-clients]" time="0.169" /><testcase classname="backend.tests.test_phase2_dashboard" name="test_dashboard_requires_auth[/admin/dashboard/ops-queue]" time="0.166" /><testcase classname="backend.tests.test_phase2_dashboard" name="test_dashboard_forbids_client_role[/admin/dashboard/kpis]" time="0.675" /><testcase classname="backend.tests.test_phase2_dashboard" name="test_dashboard_forbids_client_role[/admin/dashboard/nav-history]" time="0.062" /><testcase classname="backend.tests.test_phase2_dashboard" name="test_dashboard_forbids_client_role[/admin/dashboard/volume]" time="0.065" /><testcase classname="backend.tests.test_phase2_dashboard" name="test_dashboard_forbids_client_role[/admin/dashboard/revenue]" time="0.067" /><testcase classname="backend.tests.test_phase2_dashboard" name="test_dashboard_forbids_client_role[/admin/dashboard/top-clients]" time="0.071" /><testcase classname="backend.tests.test_phase2_dashboard" name="test_dashboard_forbids_client_role[/admin/dashboard/ops-queue]" time="0.075" /><testcase classname="backend.tests.test_phase2_dashboard" name="test_kpis_returns_real_numbers" time="0.076" /><testcase classname="backend.tests.test_phase2_dashboard" name="test_nav_history[7]" time="0.068" /><testcase classname="backend.tests.test_phase2_dashboard" name="test_nav_history[30]" time="0.068" /><testcase classname="backend.tests.test_phase2_dashboard" name="test_nav_history[90]" time="0.105" /><testcase classname="backend.tests.test_phase2_dashboard" name="test_volume[7]" time="0.070" /><testcase classname="backend.tests.test_phase2_dashboard" name="test_volume[30]" time="0.078" /><testcase classname="backend.tests.test_phase2_dashboard" name="test_volume[90]" time="0.071" /><testcase classname="backend.tests.test_phase2_dashboard" name="test_revenue_12mo" time="0.074" /><testcase classname="backend.tests.test_phase2_dashboard" name="test_top_clients_contains_seed_orgs" time="0.076" /><testcase classname="backend.tests.test_phase2_dashboard" name="test_ops_queue_shape" time="0.069" /></testsuite></testsuites>