<?xml version="1.0" encoding="utf-8"?><testsuites><testsuite name="pytest" errors="0" failures="0" skipped="0" tests="14" time="4.435" timestamp="2026-05-13T15:36:20.283795+00:00" hostname="agent-env-15b54ecb-7c4d-4e40-932c-37af86d0770c"><testcase classname="backend.tests.test_phase7_client_portal.TestClientMe" name="test_me_alemany_approved_can_operate" time="0.728" /><testcase classname="backend.tests.test_phase7_client_portal.TestClientMe" name="test_me_finpact_pending_cannot_operate" time="0.490" /><testcase classname="backend.tests.test_phase7_client_portal.TestClientMe" name="test_me_requires_auth" time="0.224" /><testcase classname="backend.tests.test_phase7_client_portal.TestClientDashboard" name="test_dashboard_alemany_has_full_data" time="0.076" /><testcase classname="backend.tests.test_phase7_client_portal.TestClientDashboard" name="test_dashboard_finpact_kyb_pending" time="0.161" /><testcase classname="backend.tests.test_phase7_client_portal.TestClientDashboard" name="test_dashboard_requires_auth" time="0.156" /><testcase classname="backend.tests.test_phase7_client_portal.TestClientDashboard" name="test_tenant_isolation" time="0.213" /><testcase classname="backend.tests.test_phase7_client_portal.TestApplyContext" name="test_valid_token_returns_org_context" time="0.434" /><testcase classname="backend.tests.test_phase7_client_portal.TestApplyContext" name="test_invalid_token_returns_401" time="0.134" /><testcase classname="backend.tests.test_phase7_client_portal.TestApplyContext" name="test_empty_token_returns_4xx" time="0.231" /><testcase classname="backend.tests.test_phase7_client_portal.TestApplyFinalize" name="test_finalize_consumes_token_and_creates_case" time="0.310" /><testcase classname="backend.tests.test_phase7_client_portal.TestApplyFinalize" name="test_finalize_invalid_token_401" time="0.168" /><testcase classname="backend.tests.test_phase7_client_portal.TestApplyFinalize" name="test_finalize_terms_required" time="0.167" /><testcase classname="backend.tests.test_phase7_client_portal.TestApplyFinalize" name="test_finalize_creates_alert_and_email" time="0.769" /></testsuite></testsuites>