<?xml version="1.0" encoding="utf-8"?><testsuites><testsuite name="pytest" errors="0" failures="0" skipped="0" tests="8" time="2.300" timestamp="2026-06-02T13:18:39.569595+00:00" hostname="agent-env-15b54ecb-7c4d-4e40-932c-37af86d0770c"><testcase classname="tests.test_phase14_andes_ramp" name="test_list_accounts_requires_auth" time="0.907" /><testcase classname="tests.test_phase14_andes_ramp" name="test_create_account_shape" time="0.175" /><testcase classname="tests.test_phase14_andes_ramp" name="test_create_account_idempotent" time="0.054" /><testcase classname="tests.test_phase14_andes_ramp" name="test_balances_arsa_row" time="0.081" /><testcase classname="tests.test_phase14_andes_ramp" name="test_simulate_deposit_increases_balance" time="0.663" /><testcase classname="tests.test_phase14_andes_ramp" name="test_retry_returns_account" time="0.052" /><testcase classname="tests.test_phase14_andes_ramp" name="test_super_admin_can_view_other_org" time="0.165" /><testcase classname="tests.test_phase14_andes_ramp" name="test_client_admin_org_override_ignored" time="0.112" /></testsuite></testsuites>