<?xml version="1.0" encoding="utf-8"?><testsuites><testsuite name="pytest" errors="0" failures="1" skipped="0" tests="21" time="1.488" timestamp="2026-05-13T00:22:00.510904+00:00" hostname="agent-env-15b54ecb-7c4d-4e40-932c-37af86d0770c"><testcase classname="backend.tests.test_phase3_operations.TestLedger" name="test_list_auth_required" time="0.003" /><testcase classname="backend.tests.test_phase3_operations.TestLedger" name="test_list_forbidden_for_client_admin" time="0.418" /><testcase classname="backend.tests.test_phase3_operations.TestLedger" name="test_list_default_pagination" time="0.417" /><testcase classname="backend.tests.test_phase3_operations.TestLedger" name="test_list_filter_by_type" time="0.004" /><testcase classname="backend.tests.test_phase3_operations.TestLedger" name="test_list_filter_by_status" time="0.005" /><testcase classname="backend.tests.test_phase3_operations.TestLedger" name="test_list_only_errors_includes_failed" time="0.007" /><testcase classname="backend.tests.test_phase3_operations.TestLedger" name="test_list_pagination_page2" time="0.006" /><testcase classname="backend.tests.test_phase3_operations.TestLifecycle" name="test_lifecycle_subscribe_6_steps" time="0.009" /><testcase classname="backend.tests.test_phase3_operations.TestLifecycle" name="test_lifecycle_redeem_4_steps" time="0.009" /><testcase classname="backend.tests.test_phase3_operations.TestLifecycle" name="test_lifecycle_failed_has_error_step" time="0.007" /><testcase classname="backend.tests.test_phase3_operations.TestLifecycle" name="test_lifecycle_404" time="0.002" /><testcase classname="backend.tests.test_phase3_operations.TestRetryStep" name="test_retry_requires_super_admin" time="0.429"><failure message="AssertionError: admin (non-super) must get 403, got 200&#10;assert 200 == 403&#10; +  where 200 = &lt;Response [200]&gt;.status_code">backend/tests/test_phase3_operations.py:197: in test_retry_requires_super_admin
    assert r.status_code == 403, f"admin (non-super) must get 403, got {r.status_code}"
E   AssertionError: admin (non-super) must get 403, got 200
E   assert 200 == 403
E    +  where 200 = &lt;Response [200]&gt;.status_code</failure></testcase><testcase classname="backend.tests.test_phase3_operations.TestRetryStep" name="test_retry_forbidden_for_client_admin" time="0.002" /><testcase classname="backend.tests.test_phase3_operations.TestRetryStep" name="test_retry_super_admin_flips_to_pending" time="0.009" /><testcase classname="backend.tests.test_phase3_operations.TestExportCSV" name="test_export_auth_required" time="0.001" /><testcase classname="backend.tests.test_phase3_operations.TestExportCSV" name="test_export_returns_csv" time="0.012" /><testcase classname="backend.tests.test_phase3_operations.TestExportCSV" name="test_export_honors_filters" time="0.004" /><testcase classname="backend.tests.test_phase3_operations.TestFundsState" name="test_funds_state" time="0.003" /><testcase classname="backend.tests.test_phase3_operations.TestUpstreamStatus" name="test_upstream_status" time="0.001" /><testcase classname="backend.tests.test_phase3_operations.TestByClientStats" name="test_by_client_stats" time="0.007" /><testcase classname="backend.tests.test_phase3_operations.TestVolumeByClient" name="test_volume_by_client" time="0.005" /></testsuite></testsuites>