<?xml version="1.0" encoding="utf-8"?><testsuites><testsuite name="pytest" errors="0" failures="0" skipped="0" tests="16" time="3.062" timestamp="2026-06-02T15:33:00.748494+00:00" hostname="agent-env-15b54ecb-7c4d-4e40-932c-37af86d0770c"><testcase classname="tests.test_phase16_admin_ramp" name="test_auth_gate_blocks_client_admin" time="0.216" /><testcase classname="tests.test_phase16_admin_ramp" name="test_auth_gate_allows_super_admin" time="0.175" /><testcase classname="tests.test_phase16_admin_ramp" name="test_provider_config_list_shape" time="0.050" /><testcase classname="tests.test_phase16_admin_ramp" name="test_provider_config_global_update_with_audit_log" time="0.291" /><testcase classname="tests.test_phase16_admin_ramp" name="test_provider_config_org_override_create_and_delete" time="0.300" /><testcase classname="tests.test_phase16_admin_ramp" name="test_connectivity_probe" time="0.806" /><testcase classname="tests.test_phase16_admin_ramp" name="test_capabilities" time="0.081" /><testcase classname="tests.test_phase16_admin_ramp" name="test_accounts_kpis" time="0.058" /><testcase classname="tests.test_phase16_admin_ramp" name="test_accounts_list_and_filters" time="0.186" /><testcase classname="tests.test_phase16_admin_ramp" name="test_account_detail" time="0.112" /><testcase classname="tests.test_phase16_admin_ramp" name="test_movements_list_with_filters_and_is_stale" time="0.159" /><testcase classname="tests.test_phase16_admin_ramp" name="test_movements_csv_export_and_audit" time="0.072" /><testcase classname="tests.test_phase16_admin_ramp" name="test_stats_basic" time="0.091" /><testcase classname="tests.test_phase16_admin_ramp" name="test_stats_timeseries" time="0.078" /><testcase classname="tests.test_phase16_admin_ramp" name="test_webhooks_list_and_filters" time="0.183" /><testcase classname="tests.test_phase16_admin_ramp" name="test_webhooks_deliveries_crosscheck" time="0.080" /></testsuite></testsuites>