<?xml version="1.0" encoding="utf-8"?><testsuites><testsuite name="pytest" errors="0" failures="0" skipped="0" tests="41" time="4.198" timestamp="2026-05-13T01:29:08.142420+00:00" hostname="agent-env-15b54ecb-7c4d-4e40-932c-37af86d0770c"><testcase classname="backend.tests.test_phase5_compliance" name="test_get_endpoints_super_admin_200[/admin/compliance/kyc/queue]" time="0.298" /><testcase classname="backend.tests.test_phase5_compliance" name="test_get_endpoints_super_admin_200[/admin/compliance/kyc/kyc_seed_01]" time="0.073" /><testcase classname="backend.tests.test_phase5_compliance" name="test_get_endpoints_super_admin_200[/admin/compliance/kyb/queue]" time="0.075" /><testcase classname="backend.tests.test_phase5_compliance" name="test_get_endpoints_super_admin_200[/admin/compliance/kyb/kyb_seed_01]" time="0.072" /><testcase classname="backend.tests.test_phase5_compliance" name="test_get_endpoints_super_admin_200[/admin/compliance/kyt/rules]" time="0.075" /><testcase classname="backend.tests.test_phase5_compliance" name="test_get_endpoints_super_admin_200[/admin/compliance/kyt/alerts]" time="0.076" /><testcase classname="backend.tests.test_phase5_compliance" name="test_get_endpoints_super_admin_200[/admin/compliance/kyt/watchlist]" time="0.073" /><testcase classname="backend.tests.test_phase5_compliance" name="test_get_endpoints_super_admin_200[/admin/compliance/kyt/travel-rule]" time="0.081" /><testcase classname="backend.tests.test_phase5_compliance" name="test_get_endpoints_super_admin_200[/admin/compliance/risk/overview]" time="0.076" /><testcase classname="backend.tests.test_phase5_compliance" name="test_get_endpoints_super_admin_200[/admin/compliance/risk/clients]" time="0.097" /><testcase classname="backend.tests.test_phase5_compliance" name="test_get_endpoints_super_admin_200[/admin/compliance/limits]" time="0.077" /><testcase classname="backend.tests.test_phase5_compliance" name="test_get_endpoints_super_admin_200[/admin/alerts]" time="0.076" /><testcase classname="backend.tests.test_phase5_compliance" name="test_get_endpoints_super_admin_200[/admin/alerts/summary]" time="0.072" /><testcase classname="backend.tests.test_phase5_compliance" name="test_get_endpoints_client_admin_403[/admin/compliance/kyc/queue]" time="0.217" /><testcase classname="backend.tests.test_phase5_compliance" name="test_get_endpoints_client_admin_403[/admin/compliance/kyc/kyc_seed_01]" time="0.073" /><testcase classname="backend.tests.test_phase5_compliance" name="test_get_endpoints_client_admin_403[/admin/compliance/kyb/queue]" time="0.068" /><testcase classname="backend.tests.test_phase5_compliance" name="test_get_endpoints_client_admin_403[/admin/compliance/kyb/kyb_seed_01]" time="0.069" /><testcase classname="backend.tests.test_phase5_compliance" name="test_get_endpoints_client_admin_403[/admin/compliance/kyt/rules]" time="0.075" /><testcase classname="backend.tests.test_phase5_compliance" name="test_get_endpoints_client_admin_403[/admin/compliance/kyt/alerts]" time="0.069" /><testcase classname="backend.tests.test_phase5_compliance" name="test_get_endpoints_client_admin_403[/admin/compliance/kyt/watchlist]" time="0.072" /><testcase classname="backend.tests.test_phase5_compliance" name="test_get_endpoints_client_admin_403[/admin/compliance/kyt/travel-rule]" time="0.066" /><testcase classname="backend.tests.test_phase5_compliance" name="test_get_endpoints_client_admin_403[/admin/compliance/risk/overview]" time="0.071" /><testcase classname="backend.tests.test_phase5_compliance" name="test_get_endpoints_client_admin_403[/admin/compliance/risk/clients]" time="0.069" /><testcase classname="backend.tests.test_phase5_compliance" name="test_get_endpoints_client_admin_403[/admin/compliance/limits]" time="0.069" /><testcase classname="backend.tests.test_phase5_compliance" name="test_get_endpoints_client_admin_403[/admin/alerts]" time="0.071" /><testcase classname="backend.tests.test_phase5_compliance" name="test_get_endpoints_client_admin_403[/admin/alerts/summary]" time="0.088" /><testcase classname="backend.tests.test_phase5_compliance" name="test_seed_kyc_queue_min_5" time="0.080" /><testcase classname="backend.tests.test_phase5_compliance" name="test_seed_kyb_queue_3" time="0.071" /><testcase classname="backend.tests.test_phase5_compliance" name="test_seed_kyt_rules_7" time="0.070" /><testcase classname="backend.tests.test_phase5_compliance" name="test_seed_kyt_alerts_about_25" time="0.080" /><testcase classname="backend.tests.test_phase5_compliance" name="test_seed_risk_clients_52" time="0.080" /><testcase classname="backend.tests.test_phase5_compliance" name="test_seed_alerts_about_12" time="0.087" /><testcase classname="backend.tests.test_phase5_compliance" name="test_seed_kyt_watchlist_4" time="0.073" /><testcase classname="backend.tests.test_phase5_compliance" name="test_alerts_summary_shape" time="0.072" /><testcase classname="backend.tests.test_phase5_compliance" name="test_kyt_rule_patch_daily_cap" time="0.144" /><testcase classname="backend.tests.test_phase5_compliance" name="test_screen_wallet_internal_hit_external_unavailable" time="0.073" /><testcase classname="backend.tests.test_phase5_compliance" name="test_limits_edit_and_history" time="0.227" /><testcase classname="backend.tests.test_phase5_compliance" name="test_kyc_decision_reason_too_short_422" time="0.072" /><testcase classname="backend.tests.test_phase5_compliance" name="test_kyb_incomplete_checklist_blocks_approval" time="0.146" /><testcase classname="backend.tests.test_phase5_compliance" name="test_kyb_complete_checklist_and_approve_helix" time="0.379" /><testcase classname="backend.tests.test_phase5_compliance" name="test_kyc_decision_approve" time="0.142" /></testsuite></testsuites>