<?xml version="1.0" encoding="utf-8"?><testsuites><testsuite name="pytest" errors="0" failures="0" skipped="0" tests="7" time="0.510" timestamp="2026-05-14T02:18:37.482469+00:00" hostname="agent-env-15b54ecb-7c4d-4e40-932c-37af86d0770c"><testcase classname="backend.tests.test_phase11_developer" name="test_api_key_plaintext_only_on_create" time="0.071" /><testcase classname="backend.tests.test_phase11_developer" name="test_api_key_rotate_returns_new_plaintext_and_invalidates_old" time="0.127" /><testcase classname="backend.tests.test_phase11_developer" name="test_api_key_production_blocked_when_org_in_sandbox" time="0.007" /><testcase classname="backend.tests.test_phase11_developer" name="test_webhook_create_returns_secret_once_and_test_endpoint" time="0.196" /><testcase classname="backend.tests.test_phase11_developer" name="test_widget_config_save_and_read" time="0.009" /><testcase classname="backend.tests.test_phase11_developer" name="test_feature_interest_register_idempotent" time="0.010" /><testcase classname="backend.tests.test_phase11_developer" name="test_feature_interest_rejects_unknown" time="0.005" /></testsuite></testsuites>