<?xml version="1.0" encoding="utf-8"?><testsuites><testsuite name="pytest" errors="0" failures="0" skipped="0" tests="10" time="2.589" timestamp="2026-05-14T00:12:20.765842+00:00" hostname="agent-env-15b54ecb-7c4d-4e40-932c-37af86d0770c"><testcase classname="backend.tests.test_phase8_alfred" name="test_onramp_quote_and_create_with_mock" time="0.418" /><testcase classname="backend.tests.test_phase8_alfred" name="test_onramp_blocked_when_kyb_not_approved" time="0.240" /><testcase classname="backend.tests.test_phase8_alfred" name="test_onramp_caps_validation" time="0.225" /><testcase classname="backend.tests.test_phase8_alfred" name="test_webhook_rejects_invalid_signature" time="0.127" /><testcase classname="backend.tests.test_phase8_alfred" name="test_webhook_accepts_valid_signature_and_is_idempotent" time="0.289" /><testcase classname="backend.tests.test_phase8_alfred" name="test_offramp_quote" time="0.170" /><testcase classname="backend.tests.test_phase8_alfred" name="test_offramp_rejects_mismatched_holder" time="0.269" /><testcase classname="backend.tests.test_phase8_alfred" name="test_offramp_create_succeeds_with_matching_holder" time="0.213" /><testcase classname="backend.tests.test_phase8_alfred" name="test_mock_settle_and_get_order_auto_refresh_and_history" time="0.439" /><testcase classname="backend.tests.test_phase8_alfred" name="test_history_requires_auth" time="0.113" /></testsuite></testsuites>