<?xml version="1.0" encoding="utf-8"?><testsuites><testsuite name="pytest" errors="0" failures="0" skipped="0" tests="8" time="4.286" timestamp="2026-06-03T09:53:15.779795+00:00" hostname="agent-env-15b54ecb-7c4d-4e40-932c-37af86d0770c"><testcase classname="tests.test_phase18_wallet_activation.TestArsaChainDefault" name="test_global_default_is_stellar" time="0.320" /><testcase classname="tests.test_phase18_wallet_activation.TestWalletProvisioning" name="test_stellar_wallet_starts_pending_then_active" time="1.051" /><testcase classname="tests.test_phase18_wallet_activation.TestWalletProvisioning" name="test_refresh_wallet_status_endpoint" time="1.405" /><testcase classname="tests.test_phase18_wallet_activation.TestDepositWhilePending" name="test_deposit_held_then_released_on_wallet_active" time="0.900" /><testcase classname="tests.test_phase18_wallet_activation.TestWebhookIdempotency" name="test_wallet_active_idempotent_by_delivery_id" time="0.300" /><testcase classname="tests.test_phase18_wallet_activation.TestRegressionPhase14_17" name="test_provider_config_still_readable" time="0.048" /><testcase classname="tests.test_phase18_wallet_activation.TestRegressionPhase14_17" name="test_list_accounts_still_works" time="0.048" /><testcase classname="tests.test_phase18_wallet_activation.TestRegressionPhase14_17" name="test_account_arsa_chain_override_endpoint" time="0.059" /></testsuite></testsuites>