<?xml version="1.0" encoding="utf-8"?><testsuites><testsuite name="pytest" errors="0" failures="0" skipped="0" tests="22" time="0.839" timestamp="2026-05-12T23:35:36.978841+00:00" hostname="agent-env-15b54ecb-7c4d-4e40-932c-37af86d0770c"><testcase classname="backend.tests.test_phase3_onboarding.TestApplyPublic" name="test_apply_returns_simulated_session" time="0.009" /><testcase classname="backend.tests.test_phase3_onboarding.TestApplyPublic" name="test_apply_no_auth_required" time="0.004" /><testcase classname="backend.tests.test_phase3_onboarding.TestApplyPublic" name="test_get_application_sanitized" time="0.006" /><testcase classname="backend.tests.test_phase3_onboarding.TestApplyPublic" name="test_get_application_404" time="0.002" /><testcase classname="backend.tests.test_phase3_onboarding.TestSimulate" name="test_rejects_non_sim_sessions" time="0.002" /><testcase classname="backend.tests.test_phase3_onboarding.TestSimulate" name="test_rejects_invalid_decision" time="0.004" /><testcase classname="backend.tests.test_phase3_onboarding.TestSimulate" name="test_approved_flow_updates_app_org_and_audit" time="0.007" /><testcase classname="backend.tests.test_phase3_onboarding.TestSimulate" name="test_rejected_flow" time="0.007" /><testcase classname="backend.tests.test_phase3_onboarding.TestSimulate" name="test_pending_review_maps_to_in_review" time="0.007" /><testcase classname="backend.tests.test_phase3_onboarding.TestWebhooks" name="test_kyb_webhook_accepts_unsigned_in_sim_mode" time="0.021" /><testcase classname="backend.tests.test_phase3_onboarding.TestWebhooks" name="test_kyb_webhook_invalid_json" time="0.001" /><testcase classname="backend.tests.test_phase3_onboarding.TestWebhooks" name="test_kyb_webhook_missing_fields" time="0.002" /><testcase classname="backend.tests.test_phase3_onboarding.TestWebhooks" name="test_kyc_webhook_unknown_session_404" time="0.002" /><testcase classname="backend.tests.test_phase3_onboarding.TestCompliance" name="test_summary_requires_auth" time="0.003" /><testcase classname="backend.tests.test_phase3_onboarding.TestCompliance" name="test_summary_admin_ok" time="0.315" /><testcase classname="backend.tests.test_phase3_onboarding.TestCompliance" name="test_client_admin_forbidden" time="0.310" /><testcase classname="backend.tests.test_phase3_onboarding.TestCompliance" name="test_list_applications_in_review" time="0.010" /><testcase classname="backend.tests.test_phase3_onboarding.TestCompliance" name="test_decide_application_approved" time="0.009" /><testcase classname="backend.tests.test_phase3_onboarding.TestCompliance" name="test_decide_application_client_admin_forbidden" time="0.005" /><testcase classname="backend.tests.test_phase3_onboarding.TestCompliance" name="test_kyc_cases_list" time="0.002" /><testcase classname="backend.tests.test_phase3_onboarding.TestMyKyc" name="test_requires_auth" time="0.001" /><testcase classname="backend.tests.test_phase3_onboarding.TestMyKyc" name="test_client_admin_starts_kyc" time="0.003" /></testsuite></testsuites>