<?xml version="1.0" encoding="utf-8"?><testsuites><testsuite name="pytest" errors="0" failures="0" skipped="1" tests="7" time="0.107" timestamp="2026-05-14T03:08:36.990807+00:00" hostname="agent-env-15b54ecb-7c4d-4e40-932c-37af86d0770c"><testcase classname="backend.tests.test_phase12_admin_ops" name="test_status_endpoint_shape" time="0.006" /><testcase classname="backend.tests.test_phase12_admin_ops" name="test_wipe_demo_requires_confirm" time="0.007" /><testcase classname="backend.tests.test_phase12_admin_ops" name="test_wipe_demo_returns_summary" time="0.000"><skipped type="pytest.skip" message="Destructive — run manually via curl when wanted (see RUNBOOK §10)">/app/backend/tests/test_phase12_admin_ops.py:57: Destructive — run manually via curl when wanted (see RUNBOOK §10)</skipped></testcase><testcase classname="backend.tests.test_phase12_admin_ops" name="test_wipe_demo_forbidden_for_non_super_admin" time="0.006" /><testcase classname="backend.tests.test_phase12_admin_ops" name="test_seed_demo_client_creates_org_and_user" time="0.008" /><testcase classname="backend.tests.test_phase12_admin_ops" name="test_seed_demo_client_forbidden_for_non_super_admin" time="0.007" /><testcase classname="backend.tests.test_phase12_admin_ops" name="test_security_headers_present" time="0.004" /></testsuite></testsuites>