<?xml version="1.0" encoding="utf-8"?><testsuites><testsuite name="pytest" errors="0" failures="0" skipped="0" tests="26" time="4.525" timestamp="2026-05-13T10:26:17.776310+00:00" hostname="agent-env-15b54ecb-7c4d-4e40-932c-37af86d0770c"><testcase classname="backend.tests.test_phase6_clients.TestClientsCRUD" name="test_list_returns_paginated" time="0.307" /><testcase classname="backend.tests.test_phase6_clients.TestClientsCRUD" name="test_create_returns_org_and_invite" time="0.053" /><testcase classname="backend.tests.test_phase6_clients.TestClientsCRUD" name="test_get_detail_has_metrics_and_risk" time="0.047" /><testcase classname="backend.tests.test_phase6_clients.TestClientsCRUD" name="test_patch_updates_field" time="0.099" /><testcase classname="backend.tests.test_phase6_clients.TestClientsCRUD" name="test_pause_and_reactivate" time="0.182" /><testcase classname="backend.tests.test_phase6_clients.TestClientsRBAC" name="test_client_admin_forbidden[POST-/admin/clients-body0]" time="0.348" /><testcase classname="backend.tests.test_phase6_clients.TestClientsRBAC" name="test_client_admin_forbidden[PATCH-/admin/clients/{org_id}-body1]" time="0.064" /><testcase classname="backend.tests.test_phase6_clients.TestClientsRBAC" name="test_client_admin_forbidden[POST-/admin/clients/{org_id}/pause-None]" time="0.072" /><testcase classname="backend.tests.test_phase6_clients.TestClientsRBAC" name="test_client_admin_forbidden[POST-/admin/clients/{org_id}/reactivate-None]" time="0.067" /><testcase classname="backend.tests.test_phase6_clients.TestClientsRBAC" name="test_compliance_forbidden_to_create" time="0.351" /><testcase classname="backend.tests.test_phase6_clients.TestSignedLinks" name="test_create_link_with_send_email_false[kyb]" time="0.050" /><testcase classname="backend.tests.test_phase6_clients.TestSignedLinks" name="test_create_link_with_send_email_false[reset_password]" time="0.045" /><testcase classname="backend.tests.test_phase6_clients.TestSignedLinks" name="test_create_link_with_send_email_false[invite]" time="0.045" /><testcase classname="backend.tests.test_phase6_clients.TestSignedLinks" name="test_verify_and_consume_flow" time="0.375" /><testcase classname="backend.tests.test_phase6_clients.TestClientUsers" name="test_list_includes_primary_user" time="0.049" /><testcase classname="backend.tests.test_phase6_clients.TestClientUsers" name="test_invite_patch_revoke" time="0.180" /><testcase classname="backend.tests.test_phase6_clients.TestApiKeys" name="test_create_returns_plaintext_with_warning" time="0.103" /><testcase classname="backend.tests.test_phase6_clients.TestApiKeys" name="test_list_does_not_leak_secrets" time="0.044" /><testcase classname="backend.tests.test_phase6_clients.TestApiKeys" name="test_rotate_returns_new_plaintext" time="0.101" /><testcase classname="backend.tests.test_phase6_clients.TestApiKeys" name="test_delete_marks_revoked" time="0.046" /><testcase classname="backend.tests.test_phase6_clients.TestWebhooks" name="test_create_returns_secret_plaintext_once" time="0.046" /><testcase classname="backend.tests.test_phase6_clients.TestWebhooks" name="test_list_does_not_leak_secret" time="0.045" /><testcase classname="backend.tests.test_phase6_clients.TestWebhooks" name="test_test_button_delivers_with_signature" time="1.505" /><testcase classname="backend.tests.test_phase6_clients.TestWebhooks" name="test_reveal_secret_returns_plaintext" time="0.044" /><testcase classname="backend.tests.test_phase6_clients.TestEmails" name="test_emails_listed_and_preview_returns_html" time="0.096" /><testcase classname="backend.tests.test_phase6_clients.TestAuditLog" name="test_audit_log_has_entries" time="0.055" /></testsuite></testsuites>