<?xml version="1.0" encoding="utf-8"?><testsuites><testsuite name="pytest" errors="0" failures="0" skipped="0" tests="23" time="3.755" timestamp="2026-06-03T10:46:43.052598+00:00" hostname="agent-env-15b54ecb-7c4d-4e40-932c-37af86d0770c"><testcase classname="tests.test_phase15_2_intl_offramp.TestIntlMeta" name="test_cotization" time="0.038" /><testcase classname="tests.test_phase15_2_intl_offramp.TestIntlMeta" name="test_banks[bob]" time="0.029" /><testcase classname="tests.test_phase15_2_intl_offramp.TestIntlMeta" name="test_banks[pen]" time="0.028" /><testcase classname="tests.test_phase15_2_intl_offramp.TestIntlMeta" name="test_banks[pyg]" time="0.028" /><testcase classname="tests.test_phase15_2_intl_offramp.TestIntlAccount" name="test_create_pyg_account" time="0.037" /><testcase classname="tests.test_phase15_2_intl_offramp.TestIntlAccount" name="test_list" time="0.004" /><testcase classname="tests.test_phase15_2_intl_offramp.TestQuote" name="test_pyg_rate_only" time="0.028" /><testcase classname="tests.test_phase15_2_intl_offramp.TestQuote" name="test_bob_quote_ids" time="0.030" /><testcase classname="tests.test_phase15_2_intl_offramp.TestPygOfframp" name="test_offramp_pyg_success" time="1.247" /><testcase classname="tests.test_phase15_2_intl_offramp.TestPygOfframp" name="test_insufficient_pyg" time="0.004" /><testcase classname="tests.test_phase15_2_intl_offramp.TestPygOfframp" name="test_idempotency" time="0.033" /><testcase classname="tests.test_phase15_2_intl_offramp.TestCryptoTransfer" name="test_transfer_insufficient" time="0.006" /><testcase classname="tests.test_phase15_2_intl_offramp.TestCryptoTransfer" name="test_transfer_success" time="2.035" /><testcase classname="tests.test_phase15_2_intl_offramp.TestAdminStuck" name="test_list_endpoint" time="0.003" /><testcase classname="tests.test_phase15_2_intl_offramp.TestAdminStuck" name="test_mark_failed_role" time="0.006" /><testcase classname="tests.test_phase15_2_intl_offramp.TestAdminStuck" name="test_mark_failed_missing_reason" time="0.002" /><testcase classname="tests.test_phase15_2_intl_offramp.TestAdminStuck" name="test_mark_failed_404" time="0.004" /><testcase classname="tests.test_phase15_2_intl_offramp.TestAdminStuck" name="test_resync_404" time="0.003" /><testcase classname="tests.test_phase15_2_intl_offramp.TestMarkFailedE2E" name="test_stuck_list_contains" time="0.069" /><testcase classname="tests.test_phase15_2_intl_offramp.TestMarkFailedE2E" name="test_mark_failed_writes_state" time="0.006" /><testcase classname="tests.test_phase15_2_intl_offramp.TestMarkFailedE2E" name="test_mark_failed_409_terminal" time="0.004" /><testcase classname="tests.test_phase15_2_intl_offramp.TestRegression" name="test_ramp_accounts_list" time="0.004" /><testcase classname="tests.test_phase15_2_intl_offramp.TestRegression" name="test_arsa_chain_global" time="0.003" /></testsuite></testsuites>