<?xml version="1.0" encoding="utf-8"?><testsuites><testsuite name="pytest" errors="0" failures="0" skipped="0" tests="23" time="3.740" timestamp="2026-05-12T19:21:30.385563+00:00" hostname="agent-env-15b54ecb-7c4d-4e40-932c-37af86d0770c"><testcase classname="backend.tests.test_phase2_dashboard" name="test_admin_login_sets_cookie" time="0.742" /><testcase classname="backend.tests.test_phase2_dashboard" name="test_dashboard_requires_auth[/admin/dashboard/kpis]" time="0.185" /><testcase classname="backend.tests.test_phase2_dashboard" name="test_dashboard_requires_auth[/admin/dashboard/nav-history]" time="0.136" /><testcase classname="backend.tests.test_phase2_dashboard" name="test_dashboard_requires_auth[/admin/dashboard/volume]" time="0.131" /><testcase classname="backend.tests.test_phase2_dashboard" name="test_dashboard_requires_auth[/admin/dashboard/revenue]" time="0.248" /><testcase classname="backend.tests.test_phase2_dashboard" name="test_dashboard_requires_auth[/admin/dashboard/top-clients]" time="0.189" /><testcase classname="backend.tests.test_phase2_dashboard" name="test_dashboard_requires_auth[/admin/dashboard/ops-queue]" time="0.159" /><testcase classname="backend.tests.test_phase2_dashboard" name="test_dashboard_forbids_client_role[/admin/dashboard/kpis]" time="0.698" /><testcase classname="backend.tests.test_phase2_dashboard" name="test_dashboard_forbids_client_role[/admin/dashboard/nav-history]" time="0.071" /><testcase classname="backend.tests.test_phase2_dashboard" name="test_dashboard_forbids_client_role[/admin/dashboard/volume]" time="0.070" /><testcase classname="backend.tests.test_phase2_dashboard" name="test_dashboard_forbids_client_role[/admin/dashboard/revenue]" time="0.067" /><testcase classname="backend.tests.test_phase2_dashboard" name="test_dashboard_forbids_client_role[/admin/dashboard/top-clients]" time="0.145" /><testcase classname="backend.tests.test_phase2_dashboard" name="test_dashboard_forbids_client_role[/admin/dashboard/ops-queue]" time="0.068" /><testcase classname="backend.tests.test_phase2_dashboard" name="test_kpis_returns_real_numbers" time="0.072" /><testcase classname="backend.tests.test_phase2_dashboard" name="test_nav_history[7]" time="0.064" /><testcase classname="backend.tests.test_phase2_dashboard" name="test_nav_history[30]" time="0.073" /><testcase classname="backend.tests.test_phase2_dashboard" name="test_nav_history[90]" time="0.069" /><testcase classname="backend.tests.test_phase2_dashboard" name="test_volume[7]" time="0.093" /><testcase classname="backend.tests.test_phase2_dashboard" name="test_volume[30]" time="0.078" /><testcase classname="backend.tests.test_phase2_dashboard" name="test_volume[90]" time="0.068" /><testcase classname="backend.tests.test_phase2_dashboard" name="test_revenue_12mo" time="0.081" /><testcase classname="backend.tests.test_phase2_dashboard" name="test_top_clients_contains_seed_orgs" time="0.070" /><testcase classname="backend.tests.test_phase2_dashboard" name="test_ops_queue_shape" time="0.072" /></testsuite></testsuites>