<?xml version="1.0" encoding="utf-8"?><testsuites><testsuite name="pytest" errors="0" failures="0" skipped="0" tests="7" time="2.688" timestamp="2026-05-14T00:36:48.679201+00:00" hostname="agent-env-15b54ecb-7c4d-4e40-932c-37af86d0770c"><testcase classname="tests.test_phase9_invest" name="test_products_seeded" time="0.189" /><testcase classname="tests.test_phase9_invest" name="test_onramp_triggers_auto_buy_and_creates_position" time="0.473" /><testcase classname="tests.test_phase9_invest" name="test_onramp_buy_is_idempotent" time="0.667" /><testcase classname="tests.test_phase9_invest" name="test_manual_buy_below_min_amount_rejected" time="0.234" /><testcase classname="tests.test_phase9_invest" name="test_manual_buy_validates_inputs" time="0.288" /><testcase classname="tests.test_phase9_invest" name="test_redeem_liquid_position_returns_principal_plus_accrued" time="0.671" /><testcase classname="tests.test_phase9_invest" name="test_accrual_increments_active_positions" time="0.096" /></testsuite></testsuites>