<?xml version="1.0" encoding="utf-8"?><testsuites name="pytest tests"><testsuite name="pytest" errors="0" failures="0" skipped="0" tests="29" time="2.106" timestamp="2026-04-19T01:09:59.487534+00:00" hostname="agent-env-15b54ecb-7c4d-4e40-932c-37af86d0770c"><testcase classname="backend.tests.test_prosper_api.TestHealth" name="test_health" time="0.135" /><testcase classname="backend.tests.test_prosper_api.TestAuth" name="test_me_no_token" time="0.053" /><testcase classname="backend.tests.test_prosper_api.TestAuth" name="test_me_with_token" time="0.140" /><testcase classname="backend.tests.test_prosper_api.TestDashboard" name="test_overview_production" time="0.056" /><testcase classname="backend.tests.test_prosper_api.TestDashboard" name="test_overview_sandbox" time="0.084" /><testcase classname="backend.tests.test_prosper_api.TestOrganizations" name="test_list_orgs" time="0.047" /><testcase classname="backend.tests.test_prosper_api.TestOrganizations" name="test_get_org_detail" time="0.094" /><testcase classname="backend.tests.test_prosper_api.TestOnboarding" name="test_list" time="0.048" /><testcase classname="backend.tests.test_prosper_api.TestOnboarding" name="test_detail" time="0.100" /><testcase classname="backend.tests.test_prosper_api.TestCompliance" name="test_queue" time="0.049" /><testcase classname="backend.tests.test_prosper_api.TestFunds" name="test_list_funds" time="0.048" /><testcase classname="backend.tests.test_prosper_api.TestProducts" name="test_list" time="0.045" /><testcase classname="backend.tests.test_prosper_api.TestPositions" name="test_list" time="0.076" /><testcase classname="backend.tests.test_prosper_api.TestPositions" name="test_filter_status" time="0.052" /><testcase classname="backend.tests.test_prosper_api.TestTreasury" name="test_accounts" time="0.087" /><testcase classname="backend.tests.test_prosper_api.TestTransactions" name="test_list" time="0.073" /><testcase classname="backend.tests.test_prosper_api.TestTransactions" name="test_filter_search" time="0.052" /><testcase classname="backend.tests.test_prosper_api.TestTransactions" name="test_mint_requires_role" time="0.047" /><testcase classname="backend.tests.test_prosper_api.TestReconciliation" name="test_list" time="0.062" /><testcase classname="backend.tests.test_prosper_api.TestReconciliation" name="test_resolve" time="0.107" /><testcase classname="backend.tests.test_prosper_api.TestIntegrations" name="test_apps" time="0.046" /><testcase classname="backend.tests.test_prosper_api.TestIntegrations" name="test_keys_list" time="0.047" /><testcase classname="backend.tests.test_prosper_api.TestIntegrations" name="test_webhooks_list" time="0.046" /><testcase classname="backend.tests.test_prosper_api.TestIntegrations" name="test_create_and_revoke_key" time="0.166" /><testcase classname="backend.tests.test_prosper_api.TestAlerts" name="test_list" time="0.047" /><testcase classname="backend.tests.test_prosper_api.TestAlerts" name="test_resolve" time="0.098" /><testcase classname="backend.tests.test_prosper_api.TestReports" name="test_list" time="0.049" /><testcase classname="backend.tests.test_prosper_api.TestAudit" name="test_list" time="0.047" /><testcase classname="backend.tests.test_prosper_api.TestUsers" name="test_list" time="0.053" /></testsuite></testsuites>