<?xml version="1.0" encoding="utf-8"?><testsuites><testsuite name="pytest" errors="0" failures="0" skipped="0" tests="10" time="2.189" timestamp="2026-05-14T10:27:00.864661+00:00" hostname="agent-env-15b54ecb-7c4d-4e40-932c-37af86d0770c"><testcase classname="tests.test_sprint12_6_alfred_kyc.TestAlfredKyb" name="test_kyb_start_invalid_token" time="0.359" /><testcase classname="tests.test_sprint12_6_alfred_kyc.TestAlfredKyb" name="test_kyb_start_expired_token" time="0.147" /><testcase classname="tests.test_sprint12_6_alfred_kyc.TestAlfredKyb" name="test_kyb_start_success_and_persists" time="0.338" /><testcase classname="tests.test_sprint12_6_alfred_kyc.TestAlfredKyc" name="test_kyc_no_auth" time="0.137" /><testcase classname="tests.test_sprint12_6_alfred_kyc.TestAlfredKyc" name="test_kyc_with_auth" time="0.213" /><testcase classname="tests.test_sprint12_6_alfred_kyc.TestAlfredStatus" name="test_status_unknown" time="0.130" /><testcase classname="tests.test_sprint12_6_alfred_kyc.TestAlfredStatus" name="test_status_kyb" time="0.113" /><testcase classname="tests.test_sprint12_6_alfred_kyc.TestAlfredMock" name="test_mock_widget_html" time="0.127" /><testcase classname="tests.test_sprint12_6_alfred_kyc.TestAlfredMock" name="test_mock_settle_approve_provisions_wallet" time="0.231" /><testcase classname="tests.test_sprint12_6_alfred_kyc.TestAlfredMock" name="test_mock_settle_reject" time="0.288" /></testsuite></testsuites>