<?xml version="1.0" encoding="utf-8"?><testsuites><testsuite name="pytest" errors="0" failures="0" skipped="0" tests="9" time="3.358" timestamp="2026-05-12T22:47:44.996397+00:00" hostname="agent-env-15b54ecb-7c4d-4e40-932c-37af86d0770c"><testcase classname="backend.tests.test_sprint_a" name="test_recent_activity_requires_auth" time="0.222" /><testcase classname="backend.tests.test_sprint_a" name="test_recent_activity_forbids_client_role" time="0.681" /><testcase classname="backend.tests.test_sprint_a" name="test_recent_activity_returns_items" time="0.687" /><testcase classname="backend.tests.test_sprint_a" name="test_recent_activity_limit_respected" time="0.071" /><testcase classname="backend.tests.test_sprint_a" name="test_nav_history_has_real_variation" time="0.062" /><testcase classname="backend.tests.test_sprint_a" name="test_nav_snapshots_idempotent_count" time="0.722" /><testcase classname="backend.tests.test_sprint_a" name="test_ws_ops_queue_admin_receives_snapshot" time="0.425" /><testcase classname="backend.tests.test_sprint_a" name="test_ws_ops_queue_no_cookie_rejected" time="0.002" /><testcase classname="backend.tests.test_sprint_a" name="test_ws_ops_queue_client_role_rejected" time="0.413" /></testsuite></testsuites>