<?xml version="1.0" encoding="utf-8"?><testsuites><testsuite name="pytest" errors="0" failures="0" skipped="0" tests="24" time="4.165" timestamp="2026-08-06T21:52:59.605747+00:00" hostname="agent-env-15b54ecb-7c4d-4e40-932c-37af86d0770c"><testcase classname="tests.test_staking_module.TestAuthGating" name="test_wallets_requires_auth" time="0.248" /><testcase classname="tests.test_staking_module.TestAuthGating" name="test_cashin_requires_auth" time="0.071" /><testcase classname="tests.test_staking_module.TestTreasury" name="test_treasury_ok" time="0.587" /><testcase classname="tests.test_staking_module.TestCmsWallets" name="test_wallets_list" time="0.232" /><testcase classname="tests.test_staking_module.TestCmsWallets" name="test_wallets_seeded_row_has_address" time="0.226" /><testcase classname="tests.test_staking_module.TestCmsCashin" name="test_cashin_idempotent_reused" time="0.260" /><testcase classname="tests.test_staking_module.TestCmsCashin" name="test_cashin_invalid_modality_422" time="0.060" /><testcase classname="tests.test_staking_module.TestCmsCashin" name="test_cashin_missing_prosper_id_422" time="0.066" /><testcase classname="tests.test_staking_module.TestCmsCashin" name="test_cashin_email_asset_usdc_ok" time="0.274" /><testcase classname="tests.test_staking_module.TestCmsCashin" name="test_cashin_email_asset_arsa_ok" time="0.227" /><testcase classname="tests.test_staking_module.TestCmsCashin" name="test_cashin_missing_email_and_prosper_id_422" time="0.060" /><testcase classname="tests.test_staking_module.TestCmsCashin" name="test_cashin_invalid_asset_422" time="0.056" /><testcase classname="tests.test_staking_module.TestCmsCashin" name="test_cashin_legacy_prosper_id_still_works" time="0.232" /><testcase classname="tests.test_staking_module.TestStakingSync" name="test_sync_status" time="0.067" /><testcase classname="tests.test_staking_module.TestStakingSync" name="test_sync_run" time="0.304" /><testcase classname="tests.test_staking_module.TestStakingsList" name="test_stakings_all" time="0.074" /><testcase classname="tests.test_staking_module.TestStakingsList" name="test_stakings_filter_asset" time="0.059" /><testcase classname="tests.test_staking_module.TestStakingsList" name="test_stakings_invalid_filter_422" time="0.057" /><testcase classname="tests.test_staking_module.TestCmsCreateUser" name="test_create_user_requires_auth" time="0.075" /><testcase classname="tests.test_staking_module.TestCmsCreateUser" name="test_create_user_missing_email_422" time="0.058" /><testcase classname="tests.test_staking_module.TestCmsCreateUser" name="test_create_user_duplicate_409" time="0.226" /><testcase classname="tests.test_staking_module.TestStakingsRichFields" name="test_stakings_items_have_new_fields" time="0.067" /><testcase classname="tests.test_staking_module.TestStakingsRichFields" name="test_stakings_by_org_summary_present" time="0.064" /><testcase classname="tests.test_staking_module.TestRegressionInversiones" name="test_treasury_regression" time="0.408" /></testsuite></testsuites>