<?xml version="1.0" encoding="utf-8"?><testsuites><testsuite name="pytest" errors="0" failures="0" skipped="0" tests="17" time="3.217" timestamp="2026-08-06T21:11:04.194411+00:00" hostname="agent-env-15b54ecb-7c4d-4e40-932c-37af86d0770c"><testcase classname="tests.test_staking_module.TestAuthGating" name="test_wallets_requires_auth" time="0.257" /><testcase classname="tests.test_staking_module.TestAuthGating" name="test_cashin_requires_auth" time="0.051" /><testcase classname="tests.test_staking_module.TestTreasury" name="test_treasury_ok" time="0.791" /><testcase classname="tests.test_staking_module.TestCmsWallets" name="test_wallets_list" time="0.226" /><testcase classname="tests.test_staking_module.TestCmsWallets" name="test_wallets_seeded_row_has_address" time="0.182" /><testcase classname="tests.test_staking_module.TestCmsCashin" name="test_cashin_idempotent_reused" time="0.222" /><testcase classname="tests.test_staking_module.TestCmsCashin" name="test_cashin_invalid_modality_422" time="0.054" /><testcase classname="tests.test_staking_module.TestCmsCashin" name="test_cashin_missing_prosper_id_422" time="0.053" /><testcase classname="tests.test_staking_module.TestStakingSync" name="test_sync_status" time="0.058" /><testcase classname="tests.test_staking_module.TestStakingSync" name="test_sync_run" time="0.325" /><testcase classname="tests.test_staking_module.TestStakingsList" name="test_stakings_all" time="0.064" /><testcase classname="tests.test_staking_module.TestStakingsList" name="test_stakings_filter_asset" time="0.052" /><testcase classname="tests.test_staking_module.TestStakingsList" name="test_stakings_invalid_filter_422" time="0.047" /><testcase classname="tests.test_staking_module.TestCmsCreateUser" name="test_create_user_requires_auth" time="0.044" /><testcase classname="tests.test_staking_module.TestCmsCreateUser" name="test_create_user_missing_email_422" time="0.046" /><testcase classname="tests.test_staking_module.TestCmsCreateUser" name="test_create_user_duplicate_409" time="0.247" /><testcase classname="tests.test_staking_module.TestRegressionInversiones" name="test_treasury_regression" time="0.406" /></testsuite></testsuites>