<?xml version="1.0" encoding="utf-8"?><testsuites><testsuite name="pytest" errors="0" failures="0" skipped="0" tests="8" time="1.499" timestamp="2026-08-06T21:39:50.468668+00:00" hostname="agent-env-15b54ecb-7c4d-4e40-932c-37af86d0770c"><testcase classname="tests.test_staking_module.TestCmsCashin" name="test_cashin_idempotent_reused" time="0.471" /><testcase classname="tests.test_staking_module.TestCmsCashin" name="test_cashin_invalid_modality_422" time="0.058" /><testcase classname="tests.test_staking_module.TestCmsCashin" name="test_cashin_missing_prosper_id_422" time="0.069" /><testcase classname="tests.test_staking_module.TestCmsCashin" name="test_cashin_email_asset_usdc_ok" time="0.228" /><testcase classname="tests.test_staking_module.TestCmsCashin" name="test_cashin_email_asset_arsa_ok" time="0.226" /><testcase classname="tests.test_staking_module.TestCmsCashin" name="test_cashin_missing_email_and_prosper_id_422" time="0.061" /><testcase classname="tests.test_staking_module.TestCmsCashin" name="test_cashin_invalid_asset_422" time="0.060" /><testcase classname="tests.test_staking_module.TestCmsCashin" name="test_cashin_legacy_prosper_id_still_works" time="0.224" /></testsuite></testsuites>